{"uid":"b70be58b4f27a573","name":"testAddProductToCart","fullName":"ui.tests.CrudProductToCartTest.testAddProductToCart","historyId":"408f6de126da7b097b76c3e9f37b3782","time":{"start":1756575146997,"stop":1756575164292,"duration":17295},"description":"Добавляю товар в корзину и проверяю соответствие характеристик товара на витрине и в корзине","descriptionHtml":"<p>Добавляю товар в корзину и проверяю соответствие характеристик товара на витрине и в корзине</p>\n","status":"broken","statusMessage":"Cannot invoke \"org.openqa.selenium.WebDriver.getClass()\" because \"exceptionDriver\" is null","statusTrace":"java.lang.NullPointerException: Cannot invoke \"org.openqa.selenium.WebDriver.getClass()\" because \"exceptionDriver\" is null\n\tat org.openqa.selenium.support.ui.WebDriverWait.timeoutException(WebDriverWait.java:85)\n\tat org.openqa.selenium.support.ui.FluentWait.until(FluentWait.java:228)\n\tat ui.pages.ProductPage.addToBagButtonClick(ProductPage.java:64)\n\tat ui.tests.CrudProductToCartTest.testAddProductToCart(CrudProductToCartTest.java:31)\n\tat java.base/jdk.internal.reflect.NativeMethodAccessorImpl.invoke0(Native Method)\n\tat java.base/jdk.internal.reflect.NativeMethodAccessorImpl.invoke(NativeMethodAccessorImpl.java:77)\n\tat java.base/jdk.internal.reflect.DelegatingMethodAccessorImpl.invoke(DelegatingMethodAccessorImpl.java:43)\n\tat java.base/java.lang.reflect.Method.invoke(Method.java:569)\n\tat org.testng.internal.invokers.MethodInvocationHelper.invokeMethod(MethodInvocationHelper.java:141)\n\tat org.testng.internal.invokers.TestInvoker.invokeMethod(TestInvoker.java:687)\n\tat org.testng.internal.invokers.TestInvoker.invokeTestMethod(TestInvoker.java:230)\n\tat org.testng.internal.invokers.MethodRunner.runInSequence(MethodRunner.java:63)\n\tat org.testng.internal.invokers.TestInvoker$MethodInvocationAgent.invoke(TestInvoker.java:995)\n\tat org.testng.internal.invokers.TestInvoker.invokeTestMethods(TestInvoker.java:203)\n\tat org.testng.internal.invokers.TestMethodWorker.invokeTestMethods(TestMethodWorker.java:154)\n\tat org.testng.internal.invokers.TestMethodWorker.run(TestMethodWorker.java:134)\n\tat java.base/java.util.ArrayList.forEach(ArrayList.java:1511)\n\tat org.testng.TestRunner.privateRun(TestRunner.java:741)\n\tat org.testng.TestRunner.run(TestRunner.java:616)\n\tat org.testng.SuiteRunner.runTest(SuiteRunner.java:421)\n\tat org.testng.SuiteRunner.runSequentially(SuiteRunner.java:413)\n\tat org.testng.SuiteRunner.privateRun(SuiteRunner.java:373)\n\tat org.testng.SuiteRunner.run(SuiteRunner.java:312)\n\tat org.testng.SuiteRunnerWorker.runSuite(SuiteRunnerWorker.java:52)\n\tat org.testng.SuiteRunnerWorker.run(SuiteRunnerWorker.java:95)\n\tat org.testng.TestNG.runSuitesSequentially(TestNG.java:1274)\n\tat org.testng.TestNG.runSuitesLocally(TestNG.java:1208)\n\tat org.testng.TestNG.runSuites(TestNG.java:1112)\n\tat org.testng.TestNG.run(TestNG.java:1079)\n\tat org.apache.maven.surefire.testng.TestNGExecutor.run(TestNGExecutor.java:308)\n\tat org.apache.maven.surefire.testng.TestNGXmlTestSuite.execute(TestNGXmlTestSuite.java:71)\n\tat org.apache.maven.surefire.testng.TestNGProvider.invoke(TestNGProvider.java:113)\n\tat org.apache.maven.surefire.booter.ForkedBooter.runSuitesInProcess(ForkedBooter.java:385)\n\tat org.apache.maven.surefire.booter.ForkedBooter.execute(ForkedBooter.java:162)\n\tat org.apache.maven.surefire.booter.ForkedBooter.run(ForkedBooter.java:507)\n\tat org.apache.maven.surefire.booter.ForkedBooter.main(ForkedBooter.java:495)\n","flaky":false,"newFailed":false,"newBroken":false,"newPassed":false,"retriesCount":0,"retriesStatusChange":false,"beforeStages":[{"name":"beforeMethod","time":{"start":1756575142177,"stop":1756575146994,"duration":4817},"description":"","status":"passed","steps":[],"attachments":[{"uid":"1c3014f4549d4e9e","name":"RemoteUrl","source":"1c3014f4549d4e9e.txt","type":"text/plain","size":28}],"parameters":[],"stepsCount":0,"shouldDisplayMessage":false,"attachmentsCount":1,"hasContent":true,"attachmentStep":false}],"testStage":{"description":"Добавляю товар в корзину и проверяю соответствие характеристик товара на витрине и в корзине","status":"broken","statusMessage":"Cannot invoke \"org.openqa.selenium.WebDriver.getClass()\" because \"exceptionDriver\" is null","statusTrace":"java.lang.NullPointerException: Cannot invoke \"org.openqa.selenium.WebDriver.getClass()\" because \"exceptionDriver\" is null\n\tat org.openqa.selenium.support.ui.WebDriverWait.timeoutException(WebDriverWait.java:85)\n\tat org.openqa.selenium.support.ui.FluentWait.until(FluentWait.java:228)\n\tat ui.pages.ProductPage.addToBagButtonClick(ProductPage.java:64)\n\tat ui.tests.CrudProductToCartTest.testAddProductToCart(CrudProductToCartTest.java:31)\n\tat java.base/jdk.internal.reflect.NativeMethodAccessorImpl.invoke0(Native Method)\n\tat java.base/jdk.internal.reflect.NativeMethodAccessorImpl.invoke(NativeMethodAccessorImpl.java:77)\n\tat java.base/jdk.internal.reflect.DelegatingMethodAccessorImpl.invoke(DelegatingMethodAccessorImpl.java:43)\n\tat java.base/java.lang.reflect.Method.invoke(Method.java:569)\n\tat org.testng.internal.invokers.MethodInvocationHelper.invokeMethod(MethodInvocationHelper.java:141)\n\tat org.testng.internal.invokers.TestInvoker.invokeMethod(TestInvoker.java:687)\n\tat org.testng.internal.invokers.TestInvoker.invokeTestMethod(TestInvoker.java:230)\n\tat org.testng.internal.invokers.MethodRunner.runInSequence(MethodRunner.java:63)\n\tat org.testng.internal.invokers.TestInvoker$MethodInvocationAgent.invoke(TestInvoker.java:995)\n\tat org.testng.internal.invokers.TestInvoker.invokeTestMethods(TestInvoker.java:203)\n\tat org.testng.internal.invokers.TestMethodWorker.invokeTestMethods(TestMethodWorker.java:154)\n\tat org.testng.internal.invokers.TestMethodWorker.run(TestMethodWorker.java:134)\n\tat java.base/java.util.ArrayList.forEach(ArrayList.java:1511)\n\tat org.testng.TestRunner.privateRun(TestRunner.java:741)\n\tat org.testng.TestRunner.run(TestRunner.java:616)\n\tat org.testng.SuiteRunner.runTest(SuiteRunner.java:421)\n\tat org.testng.SuiteRunner.runSequentially(SuiteRunner.java:413)\n\tat org.testng.SuiteRunner.privateRun(SuiteRunner.java:373)\n\tat org.testng.SuiteRunner.run(SuiteRunner.java:312)\n\tat org.testng.SuiteRunnerWorker.runSuite(SuiteRunnerWorker.java:52)\n\tat org.testng.SuiteRunnerWorker.run(SuiteRunnerWorker.java:95)\n\tat org.testng.TestNG.runSuitesSequentially(TestNG.java:1274)\n\tat org.testng.TestNG.runSuitesLocally(TestNG.java:1208)\n\tat org.testng.TestNG.runSuites(TestNG.java:1112)\n\tat org.testng.TestNG.run(TestNG.java:1079)\n\tat org.apache.maven.surefire.testng.TestNGExecutor.run(TestNGExecutor.java:308)\n\tat org.apache.maven.surefire.testng.TestNGXmlTestSuite.execute(TestNGXmlTestSuite.java:71)\n\tat org.apache.maven.surefire.testng.TestNGProvider.invoke(TestNGProvider.java:113)\n\tat org.apache.maven.surefire.booter.ForkedBooter.runSuitesInProcess(ForkedBooter.java:385)\n\tat org.apache.maven.surefire.booter.ForkedBooter.execute(ForkedBooter.java:162)\n\tat org.apache.maven.surefire.booter.ForkedBooter.run(ForkedBooter.java:507)\n\tat org.apache.maven.surefire.booter.ForkedBooter.main(ForkedBooter.java:495)\n","steps":[{"name":"Добавляю товар в корзину","time":{"start":1756575146997,"stop":1756575146997,"duration":0},"status":"passed","steps":[],"attachments":[],"parameters":[],"stepsCount":0,"shouldDisplayMessage":false,"attachmentsCount":0,"hasContent":false,"attachmentStep":false},{"name":"Кликаю ссылку Men","time":{"start":1756575147099,"stop":1756575147369,"duration":270},"status":"passed","steps":[],"attachments":[],"parameters":[],"stepsCount":0,"shouldDisplayMessage":false,"attachmentsCount":0,"hasContent":false,"attachmentStep":false},{"name":"Кликаю по товару под номером 1","time":{"start":1756575147369,"stop":1756575150189,"duration":2820},"status":"passed","steps":[],"attachments":[],"parameters":[{"name":"numberInProductArray","value":"1"}],"stepsCount":0,"shouldDisplayMessage":false,"attachmentsCount":0,"hasContent":true,"attachmentStep":false},{"name":"Закрыть окно 'оповещение о появлении твого размера'","time":{"start":1756575150189,"stop":1756575152552,"duration":2363},"status":"passed","steps":[],"attachments":[],"parameters":[],"stepsCount":0,"shouldDisplayMessage":false,"attachmentsCount":0,"hasContent":false,"attachmentStep":false},{"name":"Кликаю по первому размеру","time":{"start":1756575152552,"stop":1756575153315,"duration":763},"status":"passed","steps":[],"attachments":[],"parameters":[],"stepsCount":0,"shouldDisplayMessage":false,"attachmentsCount":0,"hasContent":false,"attachmentStep":false},{"name":"Кликаю по кнопке добавить в корзину","time":{"start":1756575153315,"stop":1756575164292,"duration":10977},"status":"broken","statusMessage":"Cannot invoke \"org.openqa.selenium.WebDriver.getClass()\" because \"exceptionDriver\" is null","statusTrace":"java.lang.NullPointerException: Cannot invoke \"org.openqa.selenium.WebDriver.getClass()\" because \"exceptionDriver\" is null\n\tat org.openqa.selenium.support.ui.WebDriverWait.timeoutException(WebDriverWait.java:85)\n\tat org.openqa.selenium.support.ui.FluentWait.until(FluentWait.java:228)\n\tat ui.pages.ProductPage.addToBagButtonClick(ProductPage.java:64)\n\tat ui.tests.CrudProductToCartTest.testAddProductToCart(CrudProductToCartTest.java:31)\n\tat java.base/jdk.internal.reflect.NativeMethodAccessorImpl.invoke0(Native Method)\n\tat java.base/jdk.internal.reflect.NativeMethodAccessorImpl.invoke(NativeMethodAccessorImpl.java:77)\n\tat java.base/jdk.internal.reflect.DelegatingMethodAccessorImpl.invoke(DelegatingMethodAccessorImpl.java:43)\n\tat java.base/java.lang.reflect.Method.invoke(Method.java:569)\n\tat org.testng.internal.invokers.MethodInvocationHelper.invokeMethod(MethodInvocationHelper.java:141)\n\tat org.testng.internal.invokers.TestInvoker.invokeMethod(TestInvoker.java:687)\n\tat org.testng.internal.invokers.TestInvoker.invokeTestMethod(TestInvoker.java:230)\n\tat org.testng.internal.invokers.MethodRunner.runInSequence(MethodRunner.java:63)\n\tat org.testng.internal.invokers.TestInvoker$MethodInvocationAgent.invoke(TestInvoker.java:995)\n\tat org.testng.internal.invokers.TestInvoker.invokeTestMethods(TestInvoker.java:203)\n\tat org.testng.internal.invokers.TestMethodWorker.invokeTestMethods(TestMethodWorker.java:154)\n\tat org.testng.internal.invokers.TestMethodWorker.run(TestMethodWorker.java:134)\n\tat java.base/java.util.ArrayList.forEach(ArrayList.java:1511)\n\tat org.testng.TestRunner.privateRun(TestRunner.java:741)\n\tat org.testng.TestRunner.run(TestRunner.java:616)\n\tat org.testng.SuiteRunner.runTest(SuiteRunner.java:421)\n\tat org.testng.SuiteRunner.runSequentially(SuiteRunner.java:413)\n\tat org.testng.SuiteRunner.privateRun(SuiteRunner.java:373)\n\tat org.testng.SuiteRunner.run(SuiteRunner.java:312)\n\tat org.testng.SuiteRunnerWorker.runSuite(SuiteRunnerWorker.java:52)\n\tat org.testng.SuiteRunnerWorker.run(SuiteRunnerWorker.java:95)\n\tat org.testng.TestNG.runSuitesSequentially(TestNG.java:1274)\n\tat org.testng.TestNG.runSuitesLocally(TestNG.java:1208)\n\tat org.testng.TestNG.runSuites(TestNG.java:1112)\n\tat org.testng.TestNG.run(TestNG.java:1079)\n\tat org.apache.maven.surefire.testng.TestNGExecutor.run(TestNGExecutor.java:308)\n\tat org.apache.maven.surefire.testng.TestNGXmlTestSuite.execute(TestNGXmlTestSuite.java:71)\n\tat org.apache.maven.surefire.testng.TestNGProvider.invoke(TestNGProvider.java:113)\n\tat org.apache.maven.surefire.booter.ForkedBooter.runSuitesInProcess(ForkedBooter.java:385)\n\tat org.apache.maven.surefire.booter.ForkedBooter.execute(ForkedBooter.java:162)\n\tat org.apache.maven.surefire.booter.ForkedBooter.run(ForkedBooter.java:507)\n\tat org.apache.maven.surefire.booter.ForkedBooter.main(ForkedBooter.java:495)\n","steps":[],"attachments":[],"parameters":[],"stepsCount":0,"shouldDisplayMessage":true,"attachmentsCount":0,"hasContent":true,"attachmentStep":false}],"attachments":[],"parameters":[],"stepsCount":6,"shouldDisplayMessage":false,"attachmentsCount":0,"hasContent":true,"attachmentStep":false},"afterStages":[{"name":"afterMethod","time":{"start":1756575164294,"stop":1756575164978,"duration":684},"description":"","status":"passed","steps":[],"attachments":[{"uid":"eee6b34bbea115bb","name":"screenshot.png","source":"eee6b34bbea115bb.png","type":"image/png","size":617509},{"uid":"8e458da09c527346","name":"Page HTML","source":"8e458da09c527346.html","type":"text/html","size":1836371}],"parameters":[],"stepsCount":0,"shouldDisplayMessage":false,"attachmentsCount":2,"hasContent":true,"attachmentStep":false}],"labels":[{"name":"package","value":"ui.tests.CrudProductToCartTest"},{"name":"testClass","value":"ui.tests.CrudProductToCartTest"},{"name":"testMethod","value":"testAddProductToCart"},{"name":"parentSuite","value":"All test"},{"name":"suite","value":"Tests for UI"},{"name":"subSuite","value":"ui.tests.CrudProductToCartTest"},{"name":"host","value":"pkrvmccyg1gnepe"},{"name":"thread","value":"3164@pkrvmccyg1gnepe.main(1)"},{"name":"framework","value":"testng"},{"name":"language","value":"java"},{"name":"tag","value":"Smoke"},{"name":"owner","value":"KorobovS"},{"name":"feature","value":"UI"},{"name":"severity","value":"critical"},{"name":"resultFormat","value":"allure2"}],"parameters":[],"links":[],"hidden":false,"retry":false,"extra":{"severity":"critical","owner":"KorobovS","retries":[],"categories":[{"name":"Test defects","matchedStatuses":[],"flaky":false}],"history":{"statistic":{"failed":0,"broken":47,"skipped":10,"passed":10,"unknown":0,"total":67},"items":[{"uid":"53f4dc83f47b2e1f","reportUrl":"https://KorobovS.github.io/AmericanEagle/79/#testresult/53f4dc83f47b2e1f","status":"broken","statusDetails":"Cannot invoke \"org.openqa.selenium.WebDriver.getClass()\" because \"exceptionDriver\" is null","time":{"start":1756574724307,"stop":1756574742368,"duration":18061}},{"uid":"d192946caaa08515","reportUrl":"https://KorobovS.github.io/AmericanEagle/78//#testresult/d192946caaa08515","status":"passed","time":{"start":1754326833849,"stop":1754326844063,"duration":10214}},{"uid":"34164071f876c7a1","reportUrl":"https://KorobovS.github.io/AmericanEagle/77//#testresult/34164071f876c7a1","status":"passed","time":{"start":1754326649786,"stop":1754326660066,"duration":10280}},{"uid":"b4c792150d827d55","reportUrl":"https://KorobovS.github.io/AmericanEagle/76//#testresult/b4c792150d827d55","status":"passed","time":{"start":1754325397353,"stop":1754325408169,"duration":10816}},{"uid":"83c5b494b43e4377","reportUrl":"https://KorobovS.github.io/AmericanEagle/75//#testresult/83c5b494b43e4377","status":"passed","time":{"start":1753960612139,"stop":1753960622666,"duration":10527}},{"uid":"cb32c6e3cb72e603","reportUrl":"https://KorobovS.github.io/AmericanEagle/74//#testresult/cb32c6e3cb72e603","status":"broken","statusDetails":"no such element: Unable to locate element: {\"method\":\"xpath\",\"selector\":\"//a[@data-text='Men']\"}\n  (Session info: chrome=138.0.7204.157)\nFor documentation on this error, please visit: https://www.selenium.dev/documentation/webdriver/troubleshooting/errors#no-such-element-exception\nBuild info: version: '4.33.0', revision: '2c6aaad03a'\nSystem info: os.name: 'Linux', os.arch: 'amd64', os.version: '6.11.0-1018-azure', java.version: '17.0.16'\nDriver info: org.openqa.selenium.remote.RemoteWebDriver\nCommand: [dee81a8b92eb6303c29f73d600a10b31, findElement {value=//a[@data-text='Men'], using=xpath}]\nCapabilities {acceptInsecureCerts: false, browserName: chrome, browserVersion: 138.0.7204.157, chrome: {chromedriverVersion: 138.0.7204.157 (e533e98b126..., userDataDir: /tmp/.org.chromium.Chromium...}, fedcm:accounts: true, goog:chromeOptions: {debuggerAddress: localhost:41183}, goog:loggingPrefs: {browser: ALL}, networkConnectionEnabled: false, pageLoadStrategy: normal, platformName: linux, proxy: Proxy(), se:bidiEnabled: false, se:cdp: ws://172.18.0.2:4444/sessio..., se:cdpVersion: 138.0.7204.157, se:containerName: 26d2ec8eadbf, se:deleteSessionOnUi: true, se:downloadsEnabled: true, se:noVncPort: 7900, se:vnc: ws://172.18.0.2:4444/sessio..., se:vncEnabled: true, se:vncLocalAddress: ws://172.18.0.2:7900, setWindowRect: true, strictFileInteractability: false, timeouts: {implicit: 0, pageLoad: 300000, script: 30000}, unhandledPromptBehavior: dismiss and notify, webauthn:extension:credBlob: true, webauthn:extension:largeBlob: true, webauthn:extension:minPinLength: true, webauthn:extension:prf: true, webauthn:virtualAuthenticators: true}\nSession ID: dee81a8b92eb6303c29f73d600a10b31","time":{"start":1753958389560,"stop":1753958390072,"duration":512}},{"uid":"1c5786e294660c59","reportUrl":"https://KorobovS.github.io/AmericanEagle/73//#testresult/1c5786e294660c59","status":"passed","time":{"start":1753953248422,"stop":1753953272160,"duration":23738}},{"uid":"76718c176475f994","reportUrl":"https://KorobovS.github.io/AmericanEagle/72//#testresult/76718c176475f994","status":"broken","statusDetails":"no such element: Unable to locate element: {\"method\":\"xpath\",\"selector\":\"//a[@data-text='Men']\"}\n  (Session info: chrome=138.0.7204.157)\nFor documentation on this error, please visit: https://www.selenium.dev/documentation/webdriver/troubleshooting/errors#no-such-element-exception\nBuild info: version: '4.33.0', revision: '2c6aaad03a'\nSystem info: os.name: 'Linux', os.arch: 'amd64', os.version: '6.11.0-1018-azure', java.version: '17.0.16'\nDriver info: org.openqa.selenium.remote.RemoteWebDriver\nCommand: [e18b5f0ddbd917eae624158d6447fde9, findElement {using=xpath, value=//a[@data-text='Men']}]\nCapabilities {acceptInsecureCerts: false, browserName: chrome, browserVersion: 138.0.7204.157, chrome: {chromedriverVersion: 138.0.7204.157 (e533e98b126..., userDataDir: /tmp/.org.chromium.Chromium...}, fedcm:accounts: true, goog:chromeOptions: {debuggerAddress: localhost:38583}, goog:loggingPrefs: {browser: ALL}, networkConnectionEnabled: false, pageLoadStrategy: normal, platformName: linux, proxy: Proxy(), se:bidiEnabled: false, se:cdp: ws://172.18.0.2:4444/sessio..., se:cdpVersion: 138.0.7204.157, se:containerName: 5ea39eb61599, se:deleteSessionOnUi: true, se:downloadsEnabled: true, se:noVncPort: 7900, se:vnc: ws://172.18.0.2:4444/sessio..., se:vncEnabled: true, se:vncLocalAddress: ws://172.18.0.2:7900, setWindowRect: true, strictFileInteractability: false, timeouts: {implicit: 0, pageLoad: 300000, script: 30000}, unhandledPromptBehavior: dismiss and notify, webauthn:extension:credBlob: true, webauthn:extension:largeBlob: true, webauthn:extension:minPinLength: true, webauthn:extension:prf: true, webauthn:virtualAuthenticators: true}\nSession ID: e18b5f0ddbd917eae624158d6447fde9","time":{"start":1752947779613,"stop":1752947779860,"duration":247}},{"uid":"d05c4e24d98d1190","reportUrl":"https://KorobovS.github.io/AmericanEagle/71//#testresult/d05c4e24d98d1190","status":"passed","time":{"start":1752440072188,"stop":1752440096888,"duration":24700}},{"uid":"880d139ce1387408","reportUrl":"https://KorobovS.github.io/AmericanEagle/69//#testresult/880d139ce1387408","status":"passed","time":{"start":1752432878460,"stop":1752432898504,"duration":20044}},{"uid":"105ef9b6fb464603","reportUrl":"https://KorobovS.github.io/AmericanEagle/68//#testresult/105ef9b6fb464603","status":"passed","time":{"start":1752432337516,"stop":1752432358744,"duration":21228}},{"uid":"fc7fb05f47849de0","reportUrl":"https://KorobovS.github.io/AmericanEagle/67//#testresult/fc7fb05f47849de0","status":"passed","time":{"start":1752431946211,"stop":1752431966395,"duration":20184}},{"uid":"eecb372b312ab640","reportUrl":"https://KorobovS.github.io/AmericanEagle/66//#testresult/eecb372b312ab640","status":"passed","time":{"start":1752431771754,"stop":1752431792835,"duration":21081}},{"uid":"e9d33e206fb9c0c","reportUrl":"https://KorobovS.github.io/AmericanEagle/65//#testresult/e9d33e206fb9c0c","status":"broken","statusDetails":"stale element reference: stale element not found in the current frame\n  (Session info: chrome=138.0.7204.100)\nFor documentation on this error, please visit: https://www.selenium.dev/documentation/webdriver/troubleshooting/errors#stale-element-reference-exception\nBuild info: version: '4.33.0', revision: '2c6aaad03a'\nSystem info: os.name: 'Linux', os.arch: 'amd64', os.version: '6.11.0-1018-azure', java.version: '17.0.15'\nDriver info: org.openqa.selenium.remote.RemoteWebDriver\nCommand: [5718e470a39efc4ca91ed8e5c1d1edf0, executeScript {args=[{element-6066-11e4-a52e-4f735466cecf=f.F037399CE005B738B08435B1AA5B3260.d.484DF817E6FBF2C6960B058426790B2E.e.41}], script=arguments[0].click();}]\nCapabilities {acceptInsecureCerts: false, browserName: chrome, browserVersion: 138.0.7204.100, chrome: {chromedriverVersion: 138.0.7204.94 (545025748884..., userDataDir: /tmp/.org.chromium.Chromium...}, fedcm:accounts: true, goog:chromeOptions: {debuggerAddress: localhost:35593}, goog:loggingPrefs: {browser: ALL}, networkConnectionEnabled: false, pageLoadStrategy: normal, platformName: linux, proxy: Proxy(), se:bidiEnabled: false, se:cdp: ws://172.18.0.2:4444/sessio..., se:cdpVersion: 138.0.7204.100, se:containerName: 8d709ae86a6d, se:deleteSessionOnUi: true, se:downloadsEnabled: true, se:noVncPort: 7900, se:vnc: ws://172.18.0.2:4444/sessio..., se:vncEnabled: true, se:vncLocalAddress: ws://172.18.0.2:7900, setWindowRect: true, strictFileInteractability: false, timeouts: {implicit: 0, pageLoad: 300000, script: 30000}, unhandledPromptBehavior: dismiss and notify, webauthn:extension:credBlob: true, webauthn:extension:largeBlob: true, webauthn:extension:minPinLength: true, webauthn:extension:prf: true, webauthn:virtualAuthenticators: true}\nSession ID: 5718e470a39efc4ca91ed8e5c1d1edf0","time":{"start":1752431563369,"stop":1752431564392,"duration":1023}},{"uid":"cd604033ae849020","reportUrl":"https://KorobovS.github.io/AmericanEagle/64//#testresult/cd604033ae849020","status":"broken","statusDetails":"no such element: Unable to locate element: {\"method\":\"xpath\",\"selector\":\"(//div[@data-testid='product-content']/div/div/div/a[@data-testid='xm-link']/div[@class='product-tile-image-container']/..)[1]\"}\n  (Session info: chrome=138.0.7204.100)\nFor documentation on this error, please visit: https://www.selenium.dev/documentation/webdriver/troubleshooting/errors#no-such-element-exception\nBuild info: version: '4.33.0', revision: '2c6aaad03a'\nSystem info: os.name: 'Linux', os.arch: 'amd64', os.version: '6.11.0-1018-azure', java.version: '17.0.15'\nDriver info: org.openqa.selenium.remote.RemoteWebDriver\nCommand: [765315a3278d9a1847ebd68175110b6a, findElement {value=(//div[@data-testid='product-content']/div/div/div/a[@data-testid='xm-link']/div[@class='product-tile-image-container']/..)[1], using=xpath}]\nCapabilities {acceptInsecureCerts: false, browserName: chrome, browserVersion: 138.0.7204.100, chrome: {chromedriverVersion: 138.0.7204.94 (545025748884..., userDataDir: /tmp/.org.chromium.Chromium...}, fedcm:accounts: true, goog:chromeOptions: {debuggerAddress: localhost:38049}, goog:loggingPrefs: {browser: ALL}, networkConnectionEnabled: false, pageLoadStrategy: normal, platformName: linux, proxy: Proxy(), se:bidiEnabled: false, se:cdp: ws://172.18.0.2:4444/sessio..., se:cdpVersion: 138.0.7204.100, se:containerName: 9137eae99f21, se:deleteSessionOnUi: true, se:downloadsEnabled: true, se:noVncPort: 7900, se:vnc: ws://172.18.0.2:4444/sessio..., se:vncEnabled: true, se:vncLocalAddress: ws://172.18.0.2:7900, setWindowRect: true, strictFileInteractability: false, timeouts: {implicit: 0, pageLoad: 300000, script: 30000}, unhandledPromptBehavior: dismiss and notify, webauthn:extension:credBlob: true, webauthn:extension:largeBlob: true, webauthn:extension:minPinLength: true, webauthn:extension:prf: true, webauthn:virtualAuthenticators: true}\nSession ID: 765315a3278d9a1847ebd68175110b6a","time":{"start":1752431313935,"stop":1752431319745,"duration":5810}},{"uid":"bdb30584aab649e2","reportUrl":"https://KorobovS.github.io/AmericanEagle/63//#testresult/bdb30584aab649e2","status":"broken","statusDetails":"no such element: Unable to locate element: {\"method\":\"xpath\",\"selector\":\"(//div[@data-testid='product-content']/div/div/div/a[@data-testid='xm-link']/div[@class='product-tile-image-container']/..)[1]\"}\n  (Session info: chrome=138.0.7204.100)\nFor documentation on this error, please visit: https://www.selenium.dev/documentation/webdriver/troubleshooting/errors#no-such-element-exception\nBuild info: version: '4.33.0', revision: '2c6aaad03a'\nSystem info: os.name: 'Linux', os.arch: 'amd64', os.version: '6.11.0-1018-azure', java.version: '17.0.15'\nDriver info: org.openqa.selenium.remote.RemoteWebDriver\nCommand: [d35e2d4171b744a7a73e61a04b8ebdcc, findElement {value=(//div[@data-testid='product-content']/div/div/div/a[@data-testid='xm-link']/div[@class='product-tile-image-container']/..)[1], using=xpath}]\nCapabilities {acceptInsecureCerts: false, browserName: chrome, browserVersion: 138.0.7204.100, chrome: {chromedriverVersion: 138.0.7204.94 (545025748884..., userDataDir: /tmp/.org.chromium.Chromium...}, fedcm:accounts: true, goog:chromeOptions: {debuggerAddress: localhost:33531}, goog:loggingPrefs: {browser: ALL}, networkConnectionEnabled: false, pageLoadStrategy: normal, platformName: linux, proxy: Proxy(), se:bidiEnabled: false, se:cdp: ws://172.18.0.2:4444/sessio..., se:cdpVersion: 138.0.7204.100, se:containerName: 0113919f982c, se:deleteSessionOnUi: true, se:downloadsEnabled: true, se:noVncPort: 7900, se:vnc: ws://172.18.0.2:4444/sessio..., se:vncEnabled: true, se:vncLocalAddress: ws://172.18.0.2:7900, setWindowRect: true, strictFileInteractability: false, timeouts: {implicit: 0, pageLoad: 300000, script: 30000}, unhandledPromptBehavior: dismiss and notify, webauthn:extension:credBlob: true, webauthn:extension:largeBlob: true, webauthn:extension:minPinLength: true, webauthn:extension:prf: true, webauthn:virtualAuthenticators: true}\nSession ID: d35e2d4171b744a7a73e61a04b8ebdcc","time":{"start":1752356627172,"stop":1752356634575,"duration":7403}},{"uid":"6eef1dd78af1647","reportUrl":"https://KorobovS.github.io/AmericanEagle/62//#testresult/6eef1dd78af1647","status":"broken","statusDetails":"no such element: Unable to locate element: {\"method\":\"xpath\",\"selector\":\"(//div[@data-testid='product-content']/div/div/div/a[@data-testid='xm-link']/div[@class='product-tile-image-container']/..)[1]\"}\n  (Session info: chrome=138.0.7204.100)\nFor documentation on this error, please visit: https://www.selenium.dev/documentation/webdriver/troubleshooting/errors#no-such-element-exception\nBuild info: version: '4.33.0', revision: '2c6aaad03a'\nSystem info: os.name: 'Linux', os.arch: 'amd64', os.version: '6.11.0-1018-azure', java.version: '17.0.15'\nDriver info: org.openqa.selenium.remote.RemoteWebDriver\nCommand: [70e4e29e44a2b9f3a423ad18bd3bbb30, findElement {using=xpath, value=(//div[@data-testid='product-content']/div/div/div/a[@data-testid='xm-link']/div[@class='product-tile-image-container']/..)[1]}]\nCapabilities {acceptInsecureCerts: false, browserName: chrome, browserVersion: 138.0.7204.100, chrome: {chromedriverVersion: 138.0.7204.94 (545025748884..., userDataDir: /tmp/.org.chromium.Chromium...}, fedcm:accounts: true, goog:chromeOptions: {debuggerAddress: localhost:39587}, goog:loggingPrefs: {browser: ALL}, networkConnectionEnabled: false, pageLoadStrategy: normal, platformName: linux, proxy: Proxy(), se:bidiEnabled: false, se:cdp: ws://172.18.0.2:4444/sessio..., se:cdpVersion: 138.0.7204.100, se:containerName: cd693dcb3101, se:deleteSessionOnUi: true, se:downloadsEnabled: true, se:noVncPort: 7900, se:vnc: ws://172.18.0.2:4444/sessio..., se:vncEnabled: true, se:vncLocalAddress: ws://172.18.0.2:7900, setWindowRect: true, strictFileInteractability: false, timeouts: {implicit: 0, pageLoad: 300000, script: 30000}, unhandledPromptBehavior: dismiss and notify, webauthn:extension:credBlob: true, webauthn:extension:largeBlob: true, webauthn:extension:minPinLength: true, webauthn:extension:prf: true, webauthn:virtualAuthenticators: true}\nSession ID: 70e4e29e44a2b9f3a423ad18bd3bbb30","time":{"start":1752356328898,"stop":1752356334885,"duration":5987}},{"uid":"5b5da28b4d091eb6","reportUrl":"https://KorobovS.github.io/AmericanEagle/61//#testresult/5b5da28b4d091eb6","status":"broken","statusDetails":"no such element: Unable to locate element: {\"method\":\"xpath\",\"selector\":\"(//div[@data-testid='product-content']/div/div/div/a[@data-testid='xm-link']/div[@class='product-tile-image-container']/..)[1]\"}\n  (Session info: chrome=138.0.7204.100)\nFor documentation on this error, please visit: https://www.selenium.dev/documentation/webdriver/troubleshooting/errors#no-such-element-exception\nBuild info: version: '4.33.0', revision: '2c6aaad03a'\nSystem info: os.name: 'Linux', os.arch: 'amd64', os.version: '6.11.0-1018-azure', java.version: '17.0.15'\nDriver info: org.openqa.selenium.remote.RemoteWebDriver\nCommand: [22940a95fccdf4bcdb92f1ac52997a57, findElement {using=xpath, value=(//div[@data-testid='product-content']/div/div/div/a[@data-testid='xm-link']/div[@class='product-tile-image-container']/..)[1]}]\nCapabilities {acceptInsecureCerts: false, browserName: chrome, browserVersion: 138.0.7204.100, chrome: {chromedriverVersion: 138.0.7204.94 (545025748884..., userDataDir: /tmp/.org.chromium.Chromium...}, fedcm:accounts: true, goog:chromeOptions: {debuggerAddress: localhost:36785}, goog:loggingPrefs: {browser: ALL}, networkConnectionEnabled: false, pageLoadStrategy: normal, platformName: linux, proxy: Proxy(), se:bidiEnabled: false, se:cdp: ws://172.18.0.2:4444/sessio..., se:cdpVersion: 138.0.7204.100, se:containerName: 9483fb12c30f, se:deleteSessionOnUi: true, se:downloadsEnabled: true, se:noVncPort: 7900, se:vnc: ws://172.18.0.2:4444/sessio..., se:vncEnabled: true, se:vncLocalAddress: ws://172.18.0.2:7900, setWindowRect: true, strictFileInteractability: false, timeouts: {implicit: 0, pageLoad: 300000, script: 30000}, unhandledPromptBehavior: dismiss and notify, webauthn:extension:credBlob: true, webauthn:extension:largeBlob: true, webauthn:extension:minPinLength: true, webauthn:extension:prf: true, webauthn:virtualAuthenticators: true}\nSession ID: 22940a95fccdf4bcdb92f1ac52997a57","time":{"start":1752356012443,"stop":1752356018037,"duration":5594}},{"uid":"db335f4f8cf099a4","reportUrl":"https://KorobovS.github.io/AmericanEagle/60//#testresult/db335f4f8cf099a4","status":"broken","statusDetails":"Index 0 out of bounds for length 0","time":{"start":1752355480956,"stop":1752355486620,"duration":5664}},{"uid":"63905d8f4fe20547","reportUrl":"https://KorobovS.github.io/AmericanEagle/59//#testresult/63905d8f4fe20547","status":"broken","statusDetails":"Index 0 out of bounds for length 0","time":{"start":1752354202699,"stop":1752354208383,"duration":5684}}]},"tags":["Smoke"]},"source":"b70be58b4f27a573.json","parameterValues":[]}