{"uid":"a94c73454c8970f9","name":"testGetAccessTokenUser","fullName":"api.test.AuthTest.testGetAccessTokenUser","historyId":"d65cecb2e036148f0e464958b329bbc2","time":{"start":1752947766934,"stop":1752947767452,"duration":518},"description":"Получаем токен User","descriptionHtml":"<p>Получаем токен User</p>\n","status":"broken","statusMessage":"Failed to parse the JSON document","statusTrace":"io.restassured.path.json.exception.JsonPathException: Failed to parse the JSON document\n\tat io.restassured.path.json.JsonPath$ExceptionCatcher.invoke(JsonPath.java:1002)\n\tat io.restassured.path.json.JsonPath$4.doParseWith(JsonPath.java:967)\n\tat io.restassured.path.json.JsonPath$JsonParser.parseWith(JsonPath.java:1047)\n\tat io.restassured.path.json.JsonPath.get(JsonPath.java:202)\n\tat io.restassured.path.json.JsonPath.getString(JsonPath.java:352)\n\tat api.controllers.AuthController.getAccessTokenUser(AuthController.java:52)\n\tat api.test.AuthTest.testGetAccessTokenUser(AuthTest.java:33)\n\tat java.base/jdk.internal.reflect.NativeMethodAccessorImpl.invoke0(Native Method)\n\tat java.base/jdk.internal.reflect.NativeMethodAccessorImpl.invoke(NativeMethodAccessorImpl.java:77)\n\tat java.base/jdk.internal.reflect.DelegatingMethodAccessorImpl.invoke(DelegatingMethodAccessorImpl.java:43)\n\tat java.base/java.lang.reflect.Method.invoke(Method.java:569)\n\tat org.testng.internal.invokers.MethodInvocationHelper.invokeMethod(MethodInvocationHelper.java:141)\n\tat org.testng.internal.invokers.TestInvoker.invokeMethod(TestInvoker.java:687)\n\tat org.testng.internal.invokers.TestInvoker.invokeTestMethod(TestInvoker.java:230)\n\tat org.testng.internal.invokers.MethodRunner.runInSequence(MethodRunner.java:63)\n\tat org.testng.internal.invokers.TestInvoker$MethodInvocationAgent.invoke(TestInvoker.java:995)\n\tat org.testng.internal.invokers.TestInvoker.invokeTestMethods(TestInvoker.java:203)\n\tat org.testng.internal.invokers.TestMethodWorker.invokeTestMethods(TestMethodWorker.java:154)\n\tat org.testng.internal.invokers.TestMethodWorker.run(TestMethodWorker.java:134)\n\tat java.base/java.util.ArrayList.forEach(ArrayList.java:1511)\n\tat org.testng.TestRunner.privateRun(TestRunner.java:741)\n\tat org.testng.TestRunner.run(TestRunner.java:616)\n\tat org.testng.SuiteRunner.runTest(SuiteRunner.java:421)\n\tat org.testng.SuiteRunner.runSequentially(SuiteRunner.java:413)\n\tat org.testng.SuiteRunner.privateRun(SuiteRunner.java:373)\n\tat org.testng.SuiteRunner.run(SuiteRunner.java:312)\n\tat org.testng.SuiteRunnerWorker.runSuite(SuiteRunnerWorker.java:52)\n\tat org.testng.SuiteRunnerWorker.run(SuiteRunnerWorker.java:95)\n\tat org.testng.TestNG.runSuitesSequentially(TestNG.java:1274)\n\tat org.testng.TestNG.runSuitesLocally(TestNG.java:1208)\n\tat org.testng.TestNG.runSuites(TestNG.java:1112)\n\tat org.testng.TestNG.run(TestNG.java:1079)\n\tat org.apache.maven.surefire.testng.TestNGExecutor.run(TestNGExecutor.java:308)\n\tat org.apache.maven.surefire.testng.TestNGXmlTestSuite.execute(TestNGXmlTestSuite.java:71)\n\tat org.apache.maven.surefire.testng.TestNGProvider.invoke(TestNGProvider.java:113)\n\tat org.apache.maven.surefire.booter.ForkedBooter.runSuitesInProcess(ForkedBooter.java:385)\n\tat org.apache.maven.surefire.booter.ForkedBooter.execute(ForkedBooter.java:162)\n\tat org.apache.maven.surefire.booter.ForkedBooter.run(ForkedBooter.java:507)\n\tat org.apache.maven.surefire.booter.ForkedBooter.main(ForkedBooter.java:495)\nCaused by: groovy.json.JsonException: Lexing failed on line: 1, column: 1, while reading '<', no possible valid JSON value or punctuation could be recognized.\n\tat groovy.json.JsonLexer.nextToken(JsonLexer.java:86)\n\tat groovy.json.JsonLexer$nextToken.call(Unknown Source)\n\tat io.restassured.internal.path.json.ConfigurableJsonSlurper.parse(ConfigurableJsonSlurper.groovy:97)\n\tat io.restassured.internal.path.json.ConfigurableJsonSlurper$parse.callCurrent(Unknown Source)\n\tat io.restassured.internal.path.json.ConfigurableJsonSlurper.parseText(ConfigurableJsonSlurper.groovy:83)\n\tat io.restassured.path.json.JsonPath$4$1.method(JsonPath.java:965)\n\tat io.restassured.path.json.JsonPath$ExceptionCatcher.invoke(JsonPath.java:1000)\n\t... 38 more\n","flaky":false,"newFailed":false,"newBroken":false,"newPassed":false,"retriesCount":0,"retriesStatusChange":false,"beforeStages":[{"name":"beforeMethod","time":{"start":1752947766931,"stop":1752947766932,"duration":1},"description":"","status":"passed","steps":[],"attachments":[],"parameters":[],"shouldDisplayMessage":false,"stepsCount":0,"attachmentsCount":0,"hasContent":false,"attachmentStep":false}],"testStage":{"description":"Получаем токен User","status":"broken","statusMessage":"Failed to parse the JSON document","statusTrace":"io.restassured.path.json.exception.JsonPathException: Failed to parse the JSON document\n\tat io.restassured.path.json.JsonPath$ExceptionCatcher.invoke(JsonPath.java:1002)\n\tat io.restassured.path.json.JsonPath$4.doParseWith(JsonPath.java:967)\n\tat io.restassured.path.json.JsonPath$JsonParser.parseWith(JsonPath.java:1047)\n\tat io.restassured.path.json.JsonPath.get(JsonPath.java:202)\n\tat io.restassured.path.json.JsonPath.getString(JsonPath.java:352)\n\tat api.controllers.AuthController.getAccessTokenUser(AuthController.java:52)\n\tat api.test.AuthTest.testGetAccessTokenUser(AuthTest.java:33)\n\tat java.base/jdk.internal.reflect.NativeMethodAccessorImpl.invoke0(Native Method)\n\tat java.base/jdk.internal.reflect.NativeMethodAccessorImpl.invoke(NativeMethodAccessorImpl.java:77)\n\tat java.base/jdk.internal.reflect.DelegatingMethodAccessorImpl.invoke(DelegatingMethodAccessorImpl.java:43)\n\tat java.base/java.lang.reflect.Method.invoke(Method.java:569)\n\tat org.testng.internal.invokers.MethodInvocationHelper.invokeMethod(MethodInvocationHelper.java:141)\n\tat org.testng.internal.invokers.TestInvoker.invokeMethod(TestInvoker.java:687)\n\tat org.testng.internal.invokers.TestInvoker.invokeTestMethod(TestInvoker.java:230)\n\tat org.testng.internal.invokers.MethodRunner.runInSequence(MethodRunner.java:63)\n\tat org.testng.internal.invokers.TestInvoker$MethodInvocationAgent.invoke(TestInvoker.java:995)\n\tat org.testng.internal.invokers.TestInvoker.invokeTestMethods(TestInvoker.java:203)\n\tat org.testng.internal.invokers.TestMethodWorker.invokeTestMethods(TestMethodWorker.java:154)\n\tat org.testng.internal.invokers.TestMethodWorker.run(TestMethodWorker.java:134)\n\tat java.base/java.util.ArrayList.forEach(ArrayList.java:1511)\n\tat org.testng.TestRunner.privateRun(TestRunner.java:741)\n\tat org.testng.TestRunner.run(TestRunner.java:616)\n\tat org.testng.SuiteRunner.runTest(SuiteRunner.java:421)\n\tat org.testng.SuiteRunner.runSequentially(SuiteRunner.java:413)\n\tat org.testng.SuiteRunner.privateRun(SuiteRunner.java:373)\n\tat org.testng.SuiteRunner.run(SuiteRunner.java:312)\n\tat org.testng.SuiteRunnerWorker.runSuite(SuiteRunnerWorker.java:52)\n\tat org.testng.SuiteRunnerWorker.run(SuiteRunnerWorker.java:95)\n\tat org.testng.TestNG.runSuitesSequentially(TestNG.java:1274)\n\tat org.testng.TestNG.runSuitesLocally(TestNG.java:1208)\n\tat org.testng.TestNG.runSuites(TestNG.java:1112)\n\tat org.testng.TestNG.run(TestNG.java:1079)\n\tat org.apache.maven.surefire.testng.TestNGExecutor.run(TestNGExecutor.java:308)\n\tat org.apache.maven.surefire.testng.TestNGXmlTestSuite.execute(TestNGXmlTestSuite.java:71)\n\tat org.apache.maven.surefire.testng.TestNGProvider.invoke(TestNGProvider.java:113)\n\tat org.apache.maven.surefire.booter.ForkedBooter.runSuitesInProcess(ForkedBooter.java:385)\n\tat org.apache.maven.surefire.booter.ForkedBooter.execute(ForkedBooter.java:162)\n\tat org.apache.maven.surefire.booter.ForkedBooter.run(ForkedBooter.java:507)\n\tat org.apache.maven.surefire.booter.ForkedBooter.main(ForkedBooter.java:495)\nCaused by: groovy.json.JsonException: Lexing failed on line: 1, column: 1, while reading '<', no possible valid JSON value or punctuation could be recognized.\n\tat groovy.json.JsonLexer.nextToken(JsonLexer.java:86)\n\tat groovy.json.JsonLexer$nextToken.call(Unknown Source)\n\tat io.restassured.internal.path.json.ConfigurableJsonSlurper.parse(ConfigurableJsonSlurper.groovy:97)\n\tat io.restassured.internal.path.json.ConfigurableJsonSlurper$parse.callCurrent(Unknown Source)\n\tat io.restassured.internal.path.json.ConfigurableJsonSlurper.parseText(ConfigurableJsonSlurper.groovy:83)\n\tat io.restassured.path.json.JsonPath$4$1.method(JsonPath.java:965)\n\tat io.restassured.path.json.JsonPath$ExceptionCatcher.invoke(JsonPath.java:1000)\n\t... 38 more\n","steps":[{"name":"Получаем токен User","time":{"start":1752947766935,"stop":1752947767452,"duration":517},"status":"broken","statusMessage":"Failed to parse the JSON document","statusTrace":"io.restassured.path.json.exception.JsonPathException: Failed to parse the JSON document\n\tat io.restassured.path.json.JsonPath$ExceptionCatcher.invoke(JsonPath.java:1002)\n\tat io.restassured.path.json.JsonPath$4.doParseWith(JsonPath.java:967)\n\tat io.restassured.path.json.JsonPath$JsonParser.parseWith(JsonPath.java:1047)\n\tat io.restassured.path.json.JsonPath.get(JsonPath.java:202)\n\tat io.restassured.path.json.JsonPath.getString(JsonPath.java:352)\n\tat api.controllers.AuthController.getAccessTokenUser(AuthController.java:52)\n\tat api.test.AuthTest.testGetAccessTokenUser(AuthTest.java:33)\n\tat java.base/jdk.internal.reflect.NativeMethodAccessorImpl.invoke0(Native Method)\n\tat java.base/jdk.internal.reflect.NativeMethodAccessorImpl.invoke(NativeMethodAccessorImpl.java:77)\n\tat java.base/jdk.internal.reflect.DelegatingMethodAccessorImpl.invoke(DelegatingMethodAccessorImpl.java:43)\n\tat java.base/java.lang.reflect.Method.invoke(Method.java:569)\n\tat org.testng.internal.invokers.MethodInvocationHelper.invokeMethod(MethodInvocationHelper.java:141)\n\tat org.testng.internal.invokers.TestInvoker.invokeMethod(TestInvoker.java:687)\n\tat org.testng.internal.invokers.TestInvoker.invokeTestMethod(TestInvoker.java:230)\n\tat org.testng.internal.invokers.MethodRunner.runInSequence(MethodRunner.java:63)\n\tat org.testng.internal.invokers.TestInvoker$MethodInvocationAgent.invoke(TestInvoker.java:995)\n\tat org.testng.internal.invokers.TestInvoker.invokeTestMethods(TestInvoker.java:203)\n\tat org.testng.internal.invokers.TestMethodWorker.invokeTestMethods(TestMethodWorker.java:154)\n\tat org.testng.internal.invokers.TestMethodWorker.run(TestMethodWorker.java:134)\n\tat java.base/java.util.ArrayList.forEach(ArrayList.java:1511)\n\tat org.testng.TestRunner.privateRun(TestRunner.java:741)\n\tat org.testng.TestRunner.run(TestRunner.java:616)\n\tat org.testng.SuiteRunner.runTest(SuiteRunner.java:421)\n\tat org.testng.SuiteRunner.runSequentially(SuiteRunner.java:413)\n\tat org.testng.SuiteRunner.privateRun(SuiteRunner.java:373)\n\tat org.testng.SuiteRunner.run(SuiteRunner.java:312)\n\tat org.testng.SuiteRunnerWorker.runSuite(SuiteRunnerWorker.java:52)\n\tat org.testng.SuiteRunnerWorker.run(SuiteRunnerWorker.java:95)\n\tat org.testng.TestNG.runSuitesSequentially(TestNG.java:1274)\n\tat org.testng.TestNG.runSuitesLocally(TestNG.java:1208)\n\tat org.testng.TestNG.runSuites(TestNG.java:1112)\n\tat org.testng.TestNG.run(TestNG.java:1079)\n\tat org.apache.maven.surefire.testng.TestNGExecutor.run(TestNGExecutor.java:308)\n\tat org.apache.maven.surefire.testng.TestNGXmlTestSuite.execute(TestNGXmlTestSuite.java:71)\n\tat org.apache.maven.surefire.testng.TestNGProvider.invoke(TestNGProvider.java:113)\n\tat org.apache.maven.surefire.booter.ForkedBooter.runSuitesInProcess(ForkedBooter.java:385)\n\tat org.apache.maven.surefire.booter.ForkedBooter.execute(ForkedBooter.java:162)\n\tat org.apache.maven.surefire.booter.ForkedBooter.run(ForkedBooter.java:507)\n\tat org.apache.maven.surefire.booter.ForkedBooter.main(ForkedBooter.java:495)\nCaused by: groovy.json.JsonException: Lexing failed on line: 1, column: 1, while reading '<', no possible valid JSON value or punctuation could be recognized.\n\tat groovy.json.JsonLexer.nextToken(JsonLexer.java:86)\n\tat groovy.json.JsonLexer$nextToken.call(Unknown Source)\n\tat io.restassured.internal.path.json.ConfigurableJsonSlurper.parse(ConfigurableJsonSlurper.groovy:97)\n\tat io.restassured.internal.path.json.ConfigurableJsonSlurper$parse.callCurrent(Unknown Source)\n\tat io.restassured.internal.path.json.ConfigurableJsonSlurper.parseText(ConfigurableJsonSlurper.groovy:83)\n\tat io.restassured.path.json.JsonPath$4$1.method(JsonPath.java:965)\n\tat io.restassured.path.json.JsonPath$ExceptionCatcher.invoke(JsonPath.java:1000)\n\t... 38 more\n","steps":[{"name":"Получаем токен Guest","time":{"start":1752947766935,"stop":1752947767166,"duration":231},"status":"passed","steps":[],"attachments":[{"uid":"3b6f777f84a4f421","name":"Request","source":"3b6f777f84a4f421.html","type":"text/html","size":701},{"uid":"8308c8edf20634a5","name":"HTTP/1.1 200 OK","source":"8308c8edf20634a5.html","type":"text/html","size":2814}],"parameters":[],"shouldDisplayMessage":false,"stepsCount":0,"attachmentsCount":2,"hasContent":true,"attachmentStep":false}],"attachments":[{"uid":"7b7435b9c6d5c3de","name":"Request","source":"7b7435b9c6d5c3de.html","type":"text/html","size":13375},{"uid":"bc237b83ffc125e3","name":"HTTP/1.1 403 Forbidden","source":"bc237b83ffc125e3.html","type":"text/html","size":1797}],"parameters":[],"shouldDisplayMessage":true,"stepsCount":1,"attachmentsCount":4,"hasContent":true,"attachmentStep":false}],"attachments":[],"parameters":[],"shouldDisplayMessage":false,"stepsCount":2,"attachmentsCount":4,"hasContent":true,"attachmentStep":false},"afterStages":[{"name":"afterMethod","time":{"start":1752947767458,"stop":1752947767459,"duration":1},"description":"","status":"passed","steps":[],"attachments":[],"parameters":[],"shouldDisplayMessage":false,"stepsCount":0,"attachmentsCount":0,"hasContent":false,"attachmentStep":false}],"labels":[{"name":"package","value":"api.test.AuthTest"},{"name":"testClass","value":"api.test.AuthTest"},{"name":"testMethod","value":"testGetAccessTokenUser"},{"name":"parentSuite","value":"All test"},{"name":"suite","value":"Tests for API"},{"name":"subSuite","value":"api.test.AuthTest"},{"name":"host","value":"pkrvmq0rgcvqdmg"},{"name":"thread","value":"3121@pkrvmq0rgcvqdmg.main(1)"},{"name":"framework","value":"testng"},{"name":"language","value":"java"},{"name":"tag","value":"Defect"},{"name":"tag","value":"Smoke"},{"name":"owner","value":"KorobovS"},{"name":"feature","value":"API"},{"name":"severity","value":"blocker"},{"name":"resultFormat","value":"allure2"}],"parameters":[],"links":[],"hidden":false,"retry":false,"extra":{"severity":"blocker","owner":"KorobovS","retries":[],"categories":[{"name":"Test defects","matchedStatuses":[],"flaky":false}],"history":{"statistic":{"failed":0,"broken":30,"skipped":0,"passed":0,"unknown":0,"total":30},"items":[{"uid":"196527cc4a7f819b","reportUrl":"https://KorobovS.github.io/AmericanEagle/71//#testresult/196527cc4a7f819b","status":"broken","statusDetails":"Failed to parse the JSON document","time":{"start":1752440057574,"stop":1752440058247,"duration":673}},{"uid":"c9054319741f508f","reportUrl":"https://KorobovS.github.io/AmericanEagle/69//#testresult/c9054319741f508f","status":"broken","statusDetails":"Failed to parse the JSON document","time":{"start":1752432863980,"stop":1752432864536,"duration":556}},{"uid":"67cd963ec36ab5fe","reportUrl":"https://KorobovS.github.io/AmericanEagle/39//#testresult/67cd963ec36ab5fe","status":"broken","statusDetails":"Failed to parse the JSON document","time":{"start":1752340599565,"stop":1752340599967,"duration":402}},{"uid":"e47aa7b97a7d98d4","reportUrl":"https://KorobovS.github.io/AmericanEagle/38//#testresult/e47aa7b97a7d98d4","status":"broken","statusDetails":"Failed to parse the JSON document","time":{"start":1752340300547,"stop":1752340300975,"duration":428}},{"uid":"f04aa846224fc6f3","reportUrl":"https://KorobovS.github.io/AmericanEagle/37//#testresult/f04aa846224fc6f3","status":"broken","statusDetails":"Failed to parse the JSON document","time":{"start":1752340008779,"stop":1752340009222,"duration":443}},{"uid":"807351254ae5afa9","reportUrl":"https://KorobovS.github.io/AmericanEagle/36//#testresult/807351254ae5afa9","status":"broken","statusDetails":"Failed to parse the JSON document","time":{"start":1752339477899,"stop":1752339478402,"duration":503}},{"uid":"67187e75c733f8e6","reportUrl":"https://KorobovS.github.io/AmericanEagle/35//#testresult/67187e75c733f8e6","status":"broken","statusDetails":"Failed to parse the JSON document","time":{"start":1752336745080,"stop":1752336745541,"duration":461}},{"uid":"b30f02944978380f","reportUrl":"https://KorobovS.github.io/AmericanEagle/34//#testresult/b30f02944978380f","status":"broken","statusDetails":"Failed to parse the JSON document","time":{"start":1752335414788,"stop":1752335415302,"duration":514}},{"uid":"5b94efbaf565e14d","reportUrl":"https://KorobovS.github.io/AmericanEagle/33//#testresult/5b94efbaf565e14d","status":"broken","statusDetails":"Failed to parse the JSON document","time":{"start":1752334953049,"stop":1752334953445,"duration":396}},{"uid":"ec94d7cc5f808899","reportUrl":"https://KorobovS.github.io/AmericanEagle/32//#testresult/ec94d7cc5f808899","status":"broken","statusDetails":"Failed to parse the JSON document","time":{"start":1752334449645,"stop":1752334450465,"duration":820}},{"uid":"51ef978f738069cc","reportUrl":"https://KorobovS.github.io/AmericanEagle/31//#testresult/51ef978f738069cc","status":"broken","statusDetails":"Failed to parse the JSON document","time":{"start":1752332057805,"stop":1752332058339,"duration":534}},{"uid":"63a9799f3074667f","reportUrl":"https://KorobovS.github.io/AmericanEagle/30//#testresult/63a9799f3074667f","status":"broken","statusDetails":"Failed to parse the JSON document","time":{"start":1752331519729,"stop":1752331520259,"duration":530}},{"uid":"ff052e8c4cbd56c1","reportUrl":"https://KorobovS.github.io/AmericanEagle/29//#testresult/ff052e8c4cbd56c1","status":"broken","statusDetails":"Failed to parse the JSON document","time":{"start":1752330595409,"stop":1752330595924,"duration":515}},{"uid":"9a1cc93896ca96ee","reportUrl":"https://KorobovS.github.io/AmericanEagle/28//#testresult/9a1cc93896ca96ee","status":"broken","statusDetails":"Failed to parse the JSON document","time":{"start":1752328366141,"stop":1752328366551,"duration":410}},{"uid":"3c4906fa05aaf953","reportUrl":"https://KorobovS.github.io/AmericanEagle/27//#testresult/3c4906fa05aaf953","status":"broken","statusDetails":"Failed to parse the JSON document","time":{"start":1752328024245,"stop":1752328024756,"duration":511}},{"uid":"bea7e235ab070f79","reportUrl":"https://KorobovS.github.io/AmericanEagle/25//#testresult/bea7e235ab070f79","status":"broken","statusDetails":"Failed to parse the JSON document","time":{"start":1752324656668,"stop":1752324657186,"duration":518}},{"uid":"53ed4afb6baa44c","reportUrl":"https://KorobovS.github.io/AmericanEagle/24//#testresult/53ed4afb6baa44c","status":"broken","statusDetails":"Failed to parse the JSON document","time":{"start":1752324601813,"stop":1752324602272,"duration":459}},{"uid":"88518683c103bdfa","reportUrl":"https://KorobovS.github.io/AmericanEagle/23//#testresult/88518683c103bdfa","status":"broken","statusDetails":"Failed to parse the JSON document","time":{"start":1752320911116,"stop":1752320911551,"duration":435}},{"uid":"59ac4cde18f05528","reportUrl":"https://KorobovS.github.io/AmericanEagle/22//#testresult/59ac4cde18f05528","status":"broken","statusDetails":"Failed to parse the JSON document","time":{"start":1752320467024,"stop":1752320467482,"duration":458}},{"uid":"7b2ffdf0b1cc5777","reportUrl":"https://KorobovS.github.io/AmericanEagle/19//#testresult/7b2ffdf0b1cc5777","status":"broken","statusDetails":"Failed to parse the JSON document","time":{"start":1752093428698,"stop":1752093429162,"duration":464}}]},"tags":["Defect","Smoke"]},"source":"a94c73454c8970f9.json","parameterValues":[]}