{"uid":"63a9799f3074667f","name":"testGetAccessTokenUser","fullName":"api.test.AuthTest.testGetAccessTokenUser","historyId":"d65cecb2e036148f0e464958b329bbc2","time":{"start":1752331519729,"stop":1752331520259,"duration":530},"description":"Получаем токен User","descriptionHtml":"<p>Получаем токен User</p>\n","status":"broken","statusMessage":"Failed to parse the JSON document","statusTrace":"io.restassured.path.json.exception.JsonPathException: Failed to parse the JSON document\n\tat io.restassured.path.json.JsonPath$ExceptionCatcher.invoke(JsonPath.java:1002)\n\tat io.restassured.path.json.JsonPath$4.doParseWith(JsonPath.java:967)\n\tat io.restassured.path.json.JsonPath$JsonParser.parseWith(JsonPath.java:1047)\n\tat io.restassured.path.json.JsonPath.get(JsonPath.java:202)\n\tat io.restassured.path.json.JsonPath.getString(JsonPath.java:352)\n\tat api.controllers.AuthController.getAccessTokenUser(AuthController.java:52)\n\tat api.test.AuthTest.testGetAccessTokenUser(AuthTest.java:33)\n\tat java.base/jdk.internal.reflect.NativeMethodAccessorImpl.invoke0(Native Method)\n\tat java.base/jdk.internal.reflect.NativeMethodAccessorImpl.invoke(NativeMethodAccessorImpl.java:77)\n\tat java.base/jdk.internal.reflect.DelegatingMethodAccessorImpl.invoke(DelegatingMethodAccessorImpl.java:43)\n\tat java.base/java.lang.reflect.Method.invoke(Method.java:569)\n\tat org.testng.internal.invokers.MethodInvocationHelper.invokeMethod(MethodInvocationHelper.java:141)\n\tat org.testng.internal.invokers.TestInvoker.invokeMethod(TestInvoker.java:687)\n\tat org.testng.internal.invokers.TestInvoker.invokeTestMethod(TestInvoker.java:230)\n\tat org.testng.internal.invokers.MethodRunner.runInSequence(MethodRunner.java:63)\n\tat org.testng.internal.invokers.TestInvoker$MethodInvocationAgent.invoke(TestInvoker.java:995)\n\tat org.testng.internal.invokers.TestInvoker.invokeTestMethods(TestInvoker.java:203)\n\tat org.testng.internal.invokers.TestMethodWorker.invokeTestMethods(TestMethodWorker.java:154)\n\tat org.testng.internal.invokers.TestMethodWorker.run(TestMethodWorker.java:134)\n\tat java.base/java.util.ArrayList.forEach(ArrayList.java:1511)\n\tat org.testng.TestRunner.privateRun(TestRunner.java:741)\n\tat org.testng.TestRunner.run(TestRunner.java:616)\n\tat org.testng.SuiteRunner.runTest(SuiteRunner.java:421)\n\tat org.testng.SuiteRunner.runSequentially(SuiteRunner.java:413)\n\tat org.testng.SuiteRunner.privateRun(SuiteRunner.java:373)\n\tat org.testng.SuiteRunner.run(SuiteRunner.java:312)\n\tat org.testng.SuiteRunnerWorker.runSuite(SuiteRunnerWorker.java:52)\n\tat org.testng.SuiteRunnerWorker.run(SuiteRunnerWorker.java:95)\n\tat org.testng.TestNG.runSuitesSequentially(TestNG.java:1274)\n\tat org.testng.TestNG.runSuitesLocally(TestNG.java:1208)\n\tat org.testng.TestNG.runSuites(TestNG.java:1112)\n\tat org.testng.TestNG.run(TestNG.java:1079)\n\tat org.apache.maven.surefire.testng.TestNGExecutor.run(TestNGExecutor.java:308)\n\tat org.apache.maven.surefire.testng.TestNGXmlTestSuite.execute(TestNGXmlTestSuite.java:71)\n\tat org.apache.maven.surefire.testng.TestNGProvider.invoke(TestNGProvider.java:113)\n\tat org.apache.maven.surefire.booter.ForkedBooter.runSuitesInProcess(ForkedBooter.java:385)\n\tat org.apache.maven.surefire.booter.ForkedBooter.execute(ForkedBooter.java:162)\n\tat org.apache.maven.surefire.booter.ForkedBooter.run(ForkedBooter.java:507)\n\tat org.apache.maven.surefire.booter.ForkedBooter.main(ForkedBooter.java:495)\nCaused by: groovy.json.JsonException: Lexing failed on line: 1, column: 1, while reading '<', no possible valid JSON value or punctuation could be recognized.\n\tat groovy.json.JsonLexer.nextToken(JsonLexer.java:86)\n\tat groovy.json.JsonLexer$nextToken.call(Unknown Source)\n\tat io.restassured.internal.path.json.ConfigurableJsonSlurper.parse(ConfigurableJsonSlurper.groovy:97)\n\tat io.restassured.internal.path.json.ConfigurableJsonSlurper$parse.callCurrent(Unknown Source)\n\tat io.restassured.internal.path.json.ConfigurableJsonSlurper.parseText(ConfigurableJsonSlurper.groovy:83)\n\tat io.restassured.path.json.JsonPath$4$1.method(JsonPath.java:965)\n\tat io.restassured.path.json.JsonPath$ExceptionCatcher.invoke(JsonPath.java:1000)\n\t... 38 more\n","flaky":false,"newFailed":false,"newBroken":false,"newPassed":false,"retriesCount":0,"retriesStatusChange":false,"beforeStages":[{"name":"beforeMethod","time":{"start":1752331519726,"stop":1752331519726,"duration":0},"description":"","status":"passed","steps":[],"attachments":[],"parameters":[],"shouldDisplayMessage":false,"stepsCount":0,"attachmentsCount":0,"hasContent":false,"attachmentStep":false}],"testStage":{"description":"Получаем токен User","status":"broken","statusMessage":"Failed to parse the JSON document","statusTrace":"io.restassured.path.json.exception.JsonPathException: Failed to parse the JSON document\n\tat io.restassured.path.json.JsonPath$ExceptionCatcher.invoke(JsonPath.java:1002)\n\tat io.restassured.path.json.JsonPath$4.doParseWith(JsonPath.java:967)\n\tat io.restassured.path.json.JsonPath$JsonParser.parseWith(JsonPath.java:1047)\n\tat io.restassured.path.json.JsonPath.get(JsonPath.java:202)\n\tat io.restassured.path.json.JsonPath.getString(JsonPath.java:352)\n\tat api.controllers.AuthController.getAccessTokenUser(AuthController.java:52)\n\tat api.test.AuthTest.testGetAccessTokenUser(AuthTest.java:33)\n\tat java.base/jdk.internal.reflect.NativeMethodAccessorImpl.invoke0(Native Method)\n\tat java.base/jdk.internal.reflect.NativeMethodAccessorImpl.invoke(NativeMethodAccessorImpl.java:77)\n\tat java.base/jdk.internal.reflect.DelegatingMethodAccessorImpl.invoke(DelegatingMethodAccessorImpl.java:43)\n\tat java.base/java.lang.reflect.Method.invoke(Method.java:569)\n\tat org.testng.internal.invokers.MethodInvocationHelper.invokeMethod(MethodInvocationHelper.java:141)\n\tat org.testng.internal.invokers.TestInvoker.invokeMethod(TestInvoker.java:687)\n\tat org.testng.internal.invokers.TestInvoker.invokeTestMethod(TestInvoker.java:230)\n\tat org.testng.internal.invokers.MethodRunner.runInSequence(MethodRunner.java:63)\n\tat org.testng.internal.invokers.TestInvoker$MethodInvocationAgent.invoke(TestInvoker.java:995)\n\tat org.testng.internal.invokers.TestInvoker.invokeTestMethods(TestInvoker.java:203)\n\tat org.testng.internal.invokers.TestMethodWorker.invokeTestMethods(TestMethodWorker.java:154)\n\tat org.testng.internal.invokers.TestMethodWorker.run(TestMethodWorker.java:134)\n\tat java.base/java.util.ArrayList.forEach(ArrayList.java:1511)\n\tat org.testng.TestRunner.privateRun(TestRunner.java:741)\n\tat org.testng.TestRunner.run(TestRunner.java:616)\n\tat org.testng.SuiteRunner.runTest(SuiteRunner.java:421)\n\tat org.testng.SuiteRunner.runSequentially(SuiteRunner.java:413)\n\tat org.testng.SuiteRunner.privateRun(SuiteRunner.java:373)\n\tat org.testng.SuiteRunner.run(SuiteRunner.java:312)\n\tat org.testng.SuiteRunnerWorker.runSuite(SuiteRunnerWorker.java:52)\n\tat org.testng.SuiteRunnerWorker.run(SuiteRunnerWorker.java:95)\n\tat org.testng.TestNG.runSuitesSequentially(TestNG.java:1274)\n\tat org.testng.TestNG.runSuitesLocally(TestNG.java:1208)\n\tat org.testng.TestNG.runSuites(TestNG.java:1112)\n\tat org.testng.TestNG.run(TestNG.java:1079)\n\tat org.apache.maven.surefire.testng.TestNGExecutor.run(TestNGExecutor.java:308)\n\tat org.apache.maven.surefire.testng.TestNGXmlTestSuite.execute(TestNGXmlTestSuite.java:71)\n\tat org.apache.maven.surefire.testng.TestNGProvider.invoke(TestNGProvider.java:113)\n\tat org.apache.maven.surefire.booter.ForkedBooter.runSuitesInProcess(ForkedBooter.java:385)\n\tat org.apache.maven.surefire.booter.ForkedBooter.execute(ForkedBooter.java:162)\n\tat org.apache.maven.surefire.booter.ForkedBooter.run(ForkedBooter.java:507)\n\tat org.apache.maven.surefire.booter.ForkedBooter.main(ForkedBooter.java:495)\nCaused by: groovy.json.JsonException: Lexing failed on line: 1, column: 1, while reading '<', no possible valid JSON value or punctuation could be recognized.\n\tat groovy.json.JsonLexer.nextToken(JsonLexer.java:86)\n\tat groovy.json.JsonLexer$nextToken.call(Unknown Source)\n\tat io.restassured.internal.path.json.ConfigurableJsonSlurper.parse(ConfigurableJsonSlurper.groovy:97)\n\tat io.restassured.internal.path.json.ConfigurableJsonSlurper$parse.callCurrent(Unknown Source)\n\tat io.restassured.internal.path.json.ConfigurableJsonSlurper.parseText(ConfigurableJsonSlurper.groovy:83)\n\tat io.restassured.path.json.JsonPath$4$1.method(JsonPath.java:965)\n\tat io.restassured.path.json.JsonPath$ExceptionCatcher.invoke(JsonPath.java:1000)\n\t... 38 more\n","steps":[{"name":"Получаем токен User","time":{"start":1752331519730,"stop":1752331520258,"duration":528},"status":"broken","statusMessage":"Failed to parse the JSON document","statusTrace":"io.restassured.path.json.exception.JsonPathException: Failed to parse the JSON document\n\tat io.restassured.path.json.JsonPath$ExceptionCatcher.invoke(JsonPath.java:1002)\n\tat io.restassured.path.json.JsonPath$4.doParseWith(JsonPath.java:967)\n\tat io.restassured.path.json.JsonPath$JsonParser.parseWith(JsonPath.java:1047)\n\tat io.restassured.path.json.JsonPath.get(JsonPath.java:202)\n\tat io.restassured.path.json.JsonPath.getString(JsonPath.java:352)\n\tat api.controllers.AuthController.getAccessTokenUser(AuthController.java:52)\n\tat api.test.AuthTest.testGetAccessTokenUser(AuthTest.java:33)\n\tat java.base/jdk.internal.reflect.NativeMethodAccessorImpl.invoke0(Native Method)\n\tat java.base/jdk.internal.reflect.NativeMethodAccessorImpl.invoke(NativeMethodAccessorImpl.java:77)\n\tat java.base/jdk.internal.reflect.DelegatingMethodAccessorImpl.invoke(DelegatingMethodAccessorImpl.java:43)\n\tat java.base/java.lang.reflect.Method.invoke(Method.java:569)\n\tat org.testng.internal.invokers.MethodInvocationHelper.invokeMethod(MethodInvocationHelper.java:141)\n\tat org.testng.internal.invokers.TestInvoker.invokeMethod(TestInvoker.java:687)\n\tat org.testng.internal.invokers.TestInvoker.invokeTestMethod(TestInvoker.java:230)\n\tat org.testng.internal.invokers.MethodRunner.runInSequence(MethodRunner.java:63)\n\tat org.testng.internal.invokers.TestInvoker$MethodInvocationAgent.invoke(TestInvoker.java:995)\n\tat org.testng.internal.invokers.TestInvoker.invokeTestMethods(TestInvoker.java:203)\n\tat org.testng.internal.invokers.TestMethodWorker.invokeTestMethods(TestMethodWorker.java:154)\n\tat org.testng.internal.invokers.TestMethodWorker.run(TestMethodWorker.java:134)\n\tat java.base/java.util.ArrayList.forEach(ArrayList.java:1511)\n\tat org.testng.TestRunner.privateRun(TestRunner.java:741)\n\tat org.testng.TestRunner.run(TestRunner.java:616)\n\tat org.testng.SuiteRunner.runTest(SuiteRunner.java:421)\n\tat org.testng.SuiteRunner.runSequentially(SuiteRunner.java:413)\n\tat org.testng.SuiteRunner.privateRun(SuiteRunner.java:373)\n\tat org.testng.SuiteRunner.run(SuiteRunner.java:312)\n\tat org.testng.SuiteRunnerWorker.runSuite(SuiteRunnerWorker.java:52)\n\tat org.testng.SuiteRunnerWorker.run(SuiteRunnerWorker.java:95)\n\tat org.testng.TestNG.runSuitesSequentially(TestNG.java:1274)\n\tat org.testng.TestNG.runSuitesLocally(TestNG.java:1208)\n\tat org.testng.TestNG.runSuites(TestNG.java:1112)\n\tat org.testng.TestNG.run(TestNG.java:1079)\n\tat org.apache.maven.surefire.testng.TestNGExecutor.run(TestNGExecutor.java:308)\n\tat org.apache.maven.surefire.testng.TestNGXmlTestSuite.execute(TestNGXmlTestSuite.java:71)\n\tat org.apache.maven.surefire.testng.TestNGProvider.invoke(TestNGProvider.java:113)\n\tat org.apache.maven.surefire.booter.ForkedBooter.runSuitesInProcess(ForkedBooter.java:385)\n\tat org.apache.maven.surefire.booter.ForkedBooter.execute(ForkedBooter.java:162)\n\tat org.apache.maven.surefire.booter.ForkedBooter.run(ForkedBooter.java:507)\n\tat org.apache.maven.surefire.booter.ForkedBooter.main(ForkedBooter.java:495)\nCaused by: groovy.json.JsonException: Lexing failed on line: 1, column: 1, while reading '<', no possible valid JSON value or punctuation could be recognized.\n\tat groovy.json.JsonLexer.nextToken(JsonLexer.java:86)\n\tat groovy.json.JsonLexer$nextToken.call(Unknown Source)\n\tat io.restassured.internal.path.json.ConfigurableJsonSlurper.parse(ConfigurableJsonSlurper.groovy:97)\n\tat io.restassured.internal.path.json.ConfigurableJsonSlurper$parse.callCurrent(Unknown Source)\n\tat io.restassured.internal.path.json.ConfigurableJsonSlurper.parseText(ConfigurableJsonSlurper.groovy:83)\n\tat io.restassured.path.json.JsonPath$4$1.method(JsonPath.java:965)\n\tat io.restassured.path.json.JsonPath$ExceptionCatcher.invoke(JsonPath.java:1000)\n\t... 38 more\n","steps":[{"name":"Получаем токен Guest","time":{"start":1752331519731,"stop":1752331519936,"duration":205},"status":"passed","steps":[],"attachments":[{"uid":"b0ed0dbc140c196c","name":"Request","source":"b0ed0dbc140c196c.html","type":"text/html","size":701},{"uid":"99b396026bce82ac","name":"HTTP/1.1 200 OK","source":"99b396026bce82ac.html","type":"text/html","size":2810}],"parameters":[],"shouldDisplayMessage":false,"stepsCount":0,"attachmentsCount":2,"hasContent":true,"attachmentStep":false}],"attachments":[{"uid":"67211e1893bb75ae","name":"Request","source":"67211e1893bb75ae.html","type":"text/html","size":13375},{"uid":"f4b1422eefe38a57","name":"HTTP/1.1 403 Forbidden","source":"f4b1422eefe38a57.html","type":"text/html","size":1797}],"parameters":[],"shouldDisplayMessage":true,"stepsCount":1,"attachmentsCount":4,"hasContent":true,"attachmentStep":false}],"attachments":[],"parameters":[],"shouldDisplayMessage":false,"stepsCount":2,"attachmentsCount":4,"hasContent":true,"attachmentStep":false},"afterStages":[{"name":"afterMethod","time":{"start":1752331520266,"stop":1752331520267,"duration":1},"description":"","status":"passed","steps":[],"attachments":[],"parameters":[],"shouldDisplayMessage":false,"stepsCount":0,"attachmentsCount":0,"hasContent":false,"attachmentStep":false}],"labels":[{"name":"package","value":"api.test.AuthTest"},{"name":"testClass","value":"api.test.AuthTest"},{"name":"testMethod","value":"testGetAccessTokenUser"},{"name":"parentSuite","value":"All test"},{"name":"suite","value":"Tests for API"},{"name":"subSuite","value":"api.test.AuthTest"},{"name":"host","value":"pkrvmq0rgcvqdmg"},{"name":"thread","value":"3123@pkrvmq0rgcvqdmg.main(1)"},{"name":"framework","value":"testng"},{"name":"language","value":"java"},{"name":"tag","value":"Defect"},{"name":"tag","value":"Smoke"},{"name":"owner","value":"KorobovS"},{"name":"feature","value":"API"},{"name":"severity","value":"blocker"},{"name":"resultFormat","value":"allure2"}],"parameters":[],"links":[],"hidden":false,"retry":false,"extra":{"severity":"blocker","owner":"KorobovS","retries":[],"categories":[{"name":"Test defects","matchedStatuses":[],"flaky":false}],"history":{"statistic":{"failed":0,"broken":18,"skipped":0,"passed":0,"unknown":0,"total":18},"items":[{"uid":"ff052e8c4cbd56c1","reportUrl":"https://KorobovS.github.io/AmericanEagle/29//#testresult/ff052e8c4cbd56c1","status":"broken","statusDetails":"Failed to parse the JSON document","time":{"start":1752330595409,"stop":1752330595924,"duration":515}},{"uid":"9a1cc93896ca96ee","reportUrl":"https://KorobovS.github.io/AmericanEagle/28//#testresult/9a1cc93896ca96ee","status":"broken","statusDetails":"Failed to parse the JSON document","time":{"start":1752328366141,"stop":1752328366551,"duration":410}},{"uid":"3c4906fa05aaf953","reportUrl":"https://KorobovS.github.io/AmericanEagle/27//#testresult/3c4906fa05aaf953","status":"broken","statusDetails":"Failed to parse the JSON document","time":{"start":1752328024245,"stop":1752328024756,"duration":511}},{"uid":"bea7e235ab070f79","reportUrl":"https://KorobovS.github.io/AmericanEagle/25//#testresult/bea7e235ab070f79","status":"broken","statusDetails":"Failed to parse the JSON document","time":{"start":1752324656668,"stop":1752324657186,"duration":518}},{"uid":"53ed4afb6baa44c","reportUrl":"https://KorobovS.github.io/AmericanEagle/24//#testresult/53ed4afb6baa44c","status":"broken","statusDetails":"Failed to parse the JSON document","time":{"start":1752324601813,"stop":1752324602272,"duration":459}},{"uid":"88518683c103bdfa","reportUrl":"https://KorobovS.github.io/AmericanEagle/23//#testresult/88518683c103bdfa","status":"broken","statusDetails":"Failed to parse the JSON document","time":{"start":1752320911116,"stop":1752320911551,"duration":435}},{"uid":"59ac4cde18f05528","reportUrl":"https://KorobovS.github.io/AmericanEagle/22//#testresult/59ac4cde18f05528","status":"broken","statusDetails":"Failed to parse the JSON document","time":{"start":1752320467024,"stop":1752320467482,"duration":458}},{"uid":"7b2ffdf0b1cc5777","reportUrl":"https://KorobovS.github.io/AmericanEagle/19//#testresult/7b2ffdf0b1cc5777","status":"broken","statusDetails":"Failed to parse the JSON document","time":{"start":1752093428698,"stop":1752093429162,"duration":464}},{"uid":"a983b7f9ad611f87","reportUrl":"https://KorobovS.github.io/AmericanEagle/18//#testresult/a983b7f9ad611f87","status":"broken","statusDetails":"Failed to parse the JSON document","time":{"start":1752093209825,"stop":1752093210285,"duration":460}},{"uid":"27b215e93973d7b3","reportUrl":"https://KorobovS.github.io/AmericanEagle/17//#testresult/27b215e93973d7b3","status":"broken","statusDetails":"Failed to parse the JSON document","time":{"start":1752091361391,"stop":1752091361888,"duration":497}},{"uid":"1ec57bd2bc90443e","reportUrl":"https://KorobovS.github.io/AmericanEagle/16//#testresult/1ec57bd2bc90443e","status":"broken","statusDetails":"Failed to parse the JSON document","time":{"start":1752087786644,"stop":1752087787027,"duration":383}},{"uid":"c30c0404fd72b25c","reportUrl":"https://KorobovS.github.io/AmericanEagle/15//#testresult/c30c0404fd72b25c","status":"broken","statusDetails":"Failed to parse the JSON document","time":{"start":1752086755866,"stop":1752086756371,"duration":505}},{"uid":"805a295e2b95c5c2","reportUrl":"https://KorobovS.github.io/AmericanEagle/14//#testresult/805a295e2b95c5c2","status":"broken","statusDetails":"Failed to parse the JSON document","time":{"start":1752086604454,"stop":1752086604994,"duration":540}},{"uid":"a462341e9285312b","reportUrl":"https://KorobovS.github.io/AmericanEagle/13//#testresult/a462341e9285312b","status":"broken","statusDetails":"Failed to parse the JSON document","time":{"start":1752086368583,"stop":1752086369013,"duration":430}},{"uid":"f0e07c0bca3a4ead","reportUrl":"https://KorobovS.github.io/AmericanEagle/12//#testresult/f0e07c0bca3a4ead","status":"broken","statusDetails":"Failed to parse the JSON document","time":{"start":1752086193762,"stop":1752086194457,"duration":695}},{"uid":"c18cbb2407fa92d5","reportUrl":"https://KorobovS.github.io/AmericanEagle/11//#testresult/c18cbb2407fa92d5","status":"broken","statusDetails":"Failed to parse the JSON document","time":{"start":1752084454928,"stop":1752084455401,"duration":473}},{"uid":"eb8a6e8c2ec7bcd7","reportUrl":"https://KorobovS.github.io/AmericanEagle/10//#testresult/eb8a6e8c2ec7bcd7","status":"broken","statusDetails":"Failed to parse the JSON document","time":{"start":1752081598323,"stop":1752081598931,"duration":608}}]},"tags":["Defect","Smoke"]},"source":"63a9799f3074667f.json","parameterValues":[]}